Program Version,EnergyPlus, Version 23.2.0-7636e6b3e9, YMD=2024.02.20 23:48,
   ** Severe  ** Duplicate name found for object of type "EnergyManagementSystem:Sensor" named "Chiller_Electricity_Energy". Overwriting existing object.
   ** Severe  ** Duplicate name found for object of type "EnergyManagementSystem:Sensor" named "Chiller_Electricity_Energy". Overwriting existing object.
   ** Severe  ** Duplicate name found for object of type "EnergyManagementSystem:Sensor" named "Chiller_Electricity_Energy". Overwriting existing object.
   ** Severe  ** Duplicate name found for object of type "EnergyManagementSystem:Sensor" named "Chiller_Electricity_Energy". Overwriting existing object.
   ** Severe  ** Duplicate name found for object of type "EnergyManagementSystem:Sensor" named "Chiller_Electricity_Energy". Overwriting existing object.
   ** Severe  ** Duplicate name found for object of type "EnergyManagementSystem:Sensor" named "Chiller_Electricity_Energy". Overwriting existing object.
   ** Severe  ** Duplicate name found for object of type "EnergyManagementSystem:Sensor" named "Chiller_Electricity_Energy". Overwriting existing object.
   ** Severe  ** Duplicate name found for object of type "EnergyManagementSystem:Sensor" named "Chiller_Electricity_Energy". Overwriting existing object.
   ** Severe  ** Duplicate name found for object of type "EnergyManagementSystem:Sensor" named "Chiller_Electricity_Energy". Overwriting existing object.
   ** Severe  ** Duplicate name found for object of type "EnergyManagementSystem:Sensor" named "Chiller_Electricity_Energy". Overwriting existing object.
   ** Severe  ** Duplicate name found for object of type "EnergyManagementSystem:Sensor" named "Chiller_Electricity_Energy". Overwriting existing object.
   ** Severe  ** Duplicate name found for object of type "EnergyManagementSystem:Sensor" named "Chiller_Electricity_Energy". Overwriting existing object.
   ** Severe  ** Duplicate name found for object of type "EnergyManagementSystem:Sensor" named "Chiller_Electricity_Energy". Overwriting existing object.
   ** Severe  ** Duplicate name found for object of type "EnergyManagementSystem:Sensor" named "Chiller_Electricity_Energy". Overwriting existing object.
   ** Severe  ** Duplicate name found for object of type "EnergyManagementSystem:Sensor" named "Chiller_Electricity_Energy". Overwriting existing object.
   ** Severe  ** Duplicate name found for object of type "EnergyManagementSystem:Sensor" named "Chiller_Electricity_Energy". Overwriting existing object.
   ** Severe  ** Duplicate name found for object of type "EnergyManagementSystem:Sensor" named "Chiller_Electricity_Energy". Overwriting existing object.
   ** Severe  ** Duplicate name found for object of type "EnergyManagementSystem:Sensor" named "Chiller_Electricity_Energy". Overwriting existing object.
   ** Severe  ** Duplicate name found for object of type "EnergyManagementSystem:Sensor" named "Chiller_Electricity_Energy". Overwriting existing object.
   ** Severe  ** Duplicate name found for object of type "EnergyManagementSystem:Sensor" named "Chiller_Electricity_Energy". Overwriting existing object.
   ** Severe  ** Duplicate name found for object of type "EnergyManagementSystem:Sensor" named "Chiller_Electricity_Energy". Overwriting existing object.
   ** Severe  ** Duplicate name found for object of type "EnergyManagementSystem:Sensor" named "Chiller_Electricity_Energy". Overwriting existing object.
   ** Severe  ** Duplicate name found for object of type "EnergyManagementSystem:Sensor" named "Chiller_Electricity_Energy". Overwriting existing object.
   ** Severe  ** Duplicate name found for object of type "EnergyManagementSystem:Sensor" named "Chiller_Electricity_Energy". Overwriting existing object.
   ** Severe  ** Duplicate name found for object of type "EnergyManagementSystem:Sensor" named "Chiller_Electricity_Energy". Overwriting existing object.
   ** Severe  ** Duplicate name found for object of type "EnergyManagementSystem:Sensor" named "Chiller_Electricity_Energy". Overwriting existing object.
   ** Severe  ** Duplicate name found for object of type "EnergyManagementSystem:Sensor" named "Chiller_Electricity_Energy". Overwriting existing object.
   ** Severe  ** Duplicate name found for object of type "EnergyManagementSystem:Sensor" named "Chiller_Electricity_Energy". Overwriting existing object.
   ** Severe  ** Duplicate name found for object of type "EnergyManagementSystem:Sensor" named "Chiller_Electricity_Energy". Overwriting existing object.
   ** Severe  ** Duplicate name found for object of type "EnergyManagementSystem:Sensor" named "Chiller_Electricity_Energy". Overwriting existing object.
   ** Severe  ** Duplicate name found for object of type "EnergyManagementSystem:Sensor" named "Chiller_Electricity_Energy". Overwriting existing object.
   ** Severe  ** Duplicate name found for object of type "EnergyManagementSystem:Sensor" named "Chiller_Electricity_Energy". Overwriting existing object.
   ** Severe  ** Duplicate name found for object of type "EnergyManagementSystem:Sensor" named "Chiller_Electricity_Energy". Overwriting existing object.
   ** Severe  ** Duplicate name found for object of type "EnergyManagementSystem:Sensor" named "Chiller_Electricity_Energy". Overwriting existing object.
   ** Severe  ** Duplicate name found for object of type "EnergyManagementSystem:Sensor" named "Chiller_Electricity_Energy". Overwriting existing object.
   ** Severe  ** Duplicate name found for object of type "EnergyManagementSystem:Sensor" named "Chiller_Electricity_Energy". Overwriting existing object.
   ** Severe  ** Duplicate name found for object of type "EnergyManagementSystem:Sensor" named "Chiller_Electricity_Energy". Overwriting existing object.
   ** Severe  ** Duplicate name found for object of type "EnergyManagementSystem:Sensor" named "Chiller_Electricity_Energy". Overwriting existing object.
   ** Severe  ** Duplicate name found for object of type "EnergyManagementSystem:Sensor" named "Chiller_Electricity_Energy". Overwriting existing object.
   ** Severe  ** Duplicate name found for object of type "EnergyManagementSystem:Sensor" named "Chiller_Electricity_Energy". Overwriting existing object.
   ** Severe  ** Duplicate name found for object of type "EnergyManagementSystem:Sensor" named "Chiller_Electricity_Energy". Overwriting existing object.
   ** Severe  ** Duplicate name found for object of type "EnergyManagementSystem:Sensor" named "Chiller_Electricity_Energy". Overwriting existing object.
   ** Severe  ** Duplicate name found for object of type "EnergyManagementSystem:Sensor" named "Chiller_Electricity_Energy". Overwriting existing object.
   ** Severe  ** Duplicate name found for object of type "EnergyManagementSystem:Sensor" named "Chiller_Electricity_Energy". Overwriting existing object.
   ** Severe  ** Duplicate name found for object of type "EnergyManagementSystem:Sensor" named "Chiller_Electricity_Energy". Overwriting existing object.
   ** Severe  ** Duplicate name found for object of type "EnergyManagementSystem:Sensor" named "Chiller_Electricity_Energy". Overwriting existing object.
   ** Severe  ** Duplicate name found for object of type "EnergyManagementSystem:Sensor" named "Chiller_Electricity_Energy". Overwriting existing object.
   ** Severe  ** Duplicate name found for object of type "EnergyManagementSystem:Sensor" named "Chiller_Electricity_Energy". Overwriting existing object.
   ** Severe  ** Duplicate name found for object of type "EnergyManagementSystem:Sensor" named "Chiller_Electricity_Energy". Overwriting existing object.
   ** Severe  ** Duplicate name found for object of type "EnergyManagementSystem:Sensor" named "Chiller_Electricity_Energy". Overwriting existing object.
   ** Severe  ** Duplicate name found for object of type "EnergyManagementSystem:Sensor" named "Chiller_Electricity_Energy". Overwriting existing object.
   ** Severe  ** Duplicate name found for object of type "EnergyManagementSystem:Sensor" named "Chiller_Electricity_Energy". Overwriting existing object.
   ** Severe  ** Duplicate name found for object of type "EnergyManagementSystem:Sensor" named "Chiller_Electricity_Energy". Overwriting existing object.
   ** Severe  ** Duplicate name found for object of type "EnergyManagementSystem:Sensor" named "Chiller_Electricity_Energy". Overwriting existing object.
   ** Severe  ** Duplicate name found for object of type "EnergyManagementSystem:Sensor" named "Chiller_Electricity_Energy". Overwriting existing object.
   ** Severe  ** Duplicate name found for object of type "EnergyManagementSystem:Sensor" named "Chiller_Electricity_Energy". Overwriting existing object.
   ** Severe  ** Duplicate name found for object of type "EnergyManagementSystem:Sensor" named "Chiller_Electricity_Energy". Overwriting existing object.
   ** Severe  ** Duplicate name found for object of type "EnergyManagementSystem:Sensor" named "Chiller_Electricity_Energy". Overwriting existing object.
   ** Severe  ** Duplicate name found for object of type "EnergyManagementSystem:Sensor" named "Chiller_Electricity_Energy". Overwriting existing object.
   ** Severe  ** Duplicate name found for object of type "EnergyManagementSystem:Sensor" named "Chiller_Electricity_Energy". Overwriting existing object.
   **  Fatal  ** Errors occurred on processing input file. Preceding condition(s) cause termination.
   ...Summary of Errors that led to program termination:
   ..... Reference severe error count=60
   ..... Last severe error=Duplicate name found for object of type "EnergyManagementSystem:Sensor" named "Chiller_Electricity_Energy". Overwriting existing object.
   ************* Warning:  Node connection errors not checked - most system input has not been read (see previous warning).
   ************* Fatal error -- final processing.  Program exited before simulations began.  See previous error messages.
   ************* EnergyPlus Warmup Error Summary. During Warmup: 0 Warning; 0 Severe Errors.
   ************* EnergyPlus Sizing Error Summary. During Sizing: 0 Warning; 0 Severe Errors.
   ************* EnergyPlus Terminated--Fatal Error Detected. 0 Warning; 60 Severe Errors; Elapsed Time=00hr 00min  0.22sec
